2021-09-09 15:27:19,546 NEW ROBOT EXUECUTION PROCESS
2021-09-09 15:27:19,546 BASE DIR: /home/pavlicseka/ffm_web
2021-09-09 15:27:19,547 Creating oanda instance
2021-09-09 15:27:19,547 ACCESS TOKEN: acc56198776d1ce7917137567b23f9a1-c5f7a43c7c6ef8563d0ebdd4a3b496ac
2021-09-09 15:27:19,547 ACCOUNT ID: 001-004-2840244-004
2021-09-09 15:27:19,547 ENV: live
2021-09-09 15:27:19,547 SECURITY: EUR_USD
2021-09-09 15:27:19,561 setting up API-client for environment live
2021-09-09 15:27:19,563 performing request https://stream-fxtrade.oanda.com/v3/accounts/001-004-2840244-004/pricing/stream
2021-09-09 15:27:20,329 Execution stopped. Reason: Risk Controll -> Exposure
2021-09-09 15:29:47,136 NEW ROBOT EXUECUTION PROCESS
2021-09-09 15:29:47,136 BASE DIR: /home/pavlicseka/ffm_web
2021-09-09 15:29:47,136 Creating oanda instance
2021-09-09 15:29:47,136 ACCESS TOKEN: acc56198776d1ce7917137567b23f9a1-c5f7a43c7c6ef8563d0ebdd4a3b496ac
2021-09-09 15:29:47,136 ACCOUNT ID: 001-004-2840244-004
2021-09-09 15:29:47,137 ENV: live
2021-09-09 15:29:47,137 SECURITY: EUR_USD
2021-09-09 15:29:47,146 setting up API-client for environment live
2021-09-09 15:29:47,147 performing request https://stream-fxtrade.oanda.com/v3/accounts/001-004-2840244-004/pricing/stream
2021-09-09 15:29:47,767 Execution stopped. Reason: Risk Controll -> Exposure
2021-09-09 15:31:12,807 /home/pavlicseka/ffm_web/robots/processes/processes.py changed, reloading.
