2021-09-08 11:59:58,730 NEW ROBOT EXUECUTION PROCESS
2021-09-08 11:59:58,731 BASE DIR: /home/pavlicseka/ffm_web
2021-09-08 11:59:58,731 PID: 9273
2021-09-08 11:59:58,731 Creating oanda instance
2021-09-08 11:59:58,731 ACCESS TOKEN: acc56198776d1ce7917137567b23f9a1-c5f7a43c7c6ef8563d0ebdd4a3b496ac
2021-09-08 11:59:58,731 ACCOUNT ID: 001-004-2840244-004
2021-09-08 11:59:58,731 ENV: live
2021-09-08 11:59:58,731 SECURITY: EUR_USD
2021-09-08 11:59:58,753 setting up API-client for environment live
2021-09-08 11:59:58,755 performing request https://stream-fxtrade.oanda.com/v3/accounts/001-004-2840244-004/pricing/stream
2021-09-08 11:59:59,771 Total P&L:-1.0464799999998604Total Return:-0.01303597699445366Max Risk Loss Exposure:-0.0
2021-09-08 11:59:59,771 Loss exposure is greater than the limit! Closing trade!
2021-09-08 12:00:00,019 Total P&L:-1.0547199999999748Total Return:-0.013138622482600403Max Risk Loss Exposure:-0.0
2021-09-08 12:00:00,020 Loss exposure is greater than the limit! Closing trade!
2021-09-08 12:00:00,271 Total P&L:-1.0382399999998597Total Return:-0.012933331506308333Max Risk Loss Exposure:-0.0
2021-09-08 12:00:00,271 Loss exposure is greater than the limit! Closing trade!
2021-09-08 12:00:00,535 Total P&L:-1.0464799999998604Total Return:-0.01303597699445366Max Risk Loss Exposure:-0.0
2021-09-08 12:00:00,535 Loss exposure is greater than the limit! Closing trade!
2021-09-08 12:00:01,033 Total P&L:-1.0547199999999748Total Return:-0.013138622482600403Max Risk Loss Exposure:-0.0
2021-09-08 12:00:01,033 Loss exposure is greater than the limit! Closing trade!
2021-09-08 12:00:01,272 Total P&L:-1.0505999999999176Total Return:-0.013087299738527031Max Risk Loss Exposure:-0.0
2021-09-08 12:00:01,272 Loss exposure is greater than the limit! Closing trade!
2021-09-08 12:00:02,273 Total P&L:-1.0382399999998597Total Return:-0.012933331506308333Max Risk Loss Exposure:-0.0
2021-09-08 12:00:02,274 Loss exposure is greater than the limit! Closing trade!
2021-09-08 12:00:03,527 Total P&L:-1.0258799999999155Total Return:-0.01277936327409105Max Risk Loss Exposure:-0.0
2021-09-08 12:00:03,527 Loss exposure is greater than the limit! Closing trade!
2021-09-08 12:00:03,773 Total P&L:-1.0093999999998005Total Return:-0.012574072297798982Max Risk Loss Exposure:-0.0
2021-09-08 12:00:03,773 Loss exposure is greater than the limit! Closing trade!
2021-09-08 12:00:04,278 Total P&L:-1.021759999999972Total Return:-0.012728040530019096Max Risk Loss Exposure:-0.0
2021-09-08 12:00:04,279 Loss exposure is greater than the limit! Closing trade!
2021-09-08 12:00:06,292 Total P&L:-1.0052799999999706Total Return:-0.012522749553728443Max Risk Loss Exposure:-0.0
2021-09-08 12:00:06,293 Loss exposure is greater than the limit! Closing trade!
2021-09-08 12:00:06,777 Total P&L:-0.99703999999997Total Return:-0.012420104065583117Max Risk Loss Exposure:-0.0
2021-09-08 12:00:06,778 Loss exposure is greater than the limit! Closing trade!
2021-09-08 12:00:07,028 Total P&L:-1.0052799999999706Total Return:-0.012522749553728443Max Risk Loss Exposure:-0.0
2021-09-08 12:00:07,028 Loss exposure is greater than the limit! Closing trade!
2021-09-08 12:00:08,035 Total P&L:-1.0299999999999727Total Return:-0.012830686018164422Max Risk Loss Exposure:-0.0
2021-09-08 12:00:08,035 Loss exposure is greater than the limit! Closing trade!
2021-09-08 12:00:08,785 Total P&L:-1.042359999999917Total Return:-0.012984654250381705Max Risk Loss Exposure:-0.0
2021-09-08 12:00:08,786 Loss exposure is greater than the limit! Closing trade!
2021-09-08 12:00:11,041 Total P&L:-1.0505999999999176Total Return:-0.013087299738527031Max Risk Loss Exposure:-0.0
2021-09-08 12:00:11,041 Loss exposure is greater than the limit! Closing trade!
2021-09-08 12:00:12,544 Total P&L:-1.0505999999999176Total Return:-0.013087299738527031Max Risk Loss Exposure:-0.0
2021-09-08 12:00:12,544 Loss exposure is greater than the limit! Closing trade!
2021-09-08 12:00:14,062 Total P&L:-1.0382399999998597Total Return:-0.012933331506308333Max Risk Loss Exposure:-0.0
2021-09-08 12:00:14,062 Loss exposure is greater than the limit! Closing trade!
2021-09-08 12:00:15,048 Total P&L:-1.0052799999999706Total Return:-0.012522749553728443Max Risk Loss Exposure:-0.0
2021-09-08 12:00:15,048 Loss exposure is greater than the limit! Closing trade!
2021-09-08 12:00:15,305 Total P&L:-1.0176399999999148Total Return:-0.012676717785945724Max Risk Loss Exposure:-0.0
2021-09-08 12:00:15,306 Loss exposure is greater than the limit! Closing trade!
2021-09-08 12:00:18,305 Total P&L:-1.0052799999999706Total Return:-0.012522749553728443Max Risk Loss Exposure:-0.0
2021-09-08 12:00:18,305 Loss exposure is greater than the limit! Closing trade!
2021-09-08 12:00:20,309 Total P&L:-1.0258799999999155Total Return:-0.01277936327409105Max Risk Loss Exposure:-0.0
2021-09-08 12:00:20,309 Loss exposure is greater than the limit! Closing trade!
2021-09-08 12:00:21,309 Total P&L:-1.03412000000003Total Return:-0.012882008762237794Max Risk Loss Exposure:-0.0
2021-09-08 12:00:21,309 Loss exposure is greater than the limit! Closing trade!
2021-09-08 12:00:22,561 Total P&L:-1.0382399999998597Total Return:-0.012933331506308333Max Risk Loss Exposure:-0.0
2021-09-08 12:00:22,562 Loss exposure is greater than the limit! Closing trade!
2021-09-08 12:00:22,811 Total P&L:-1.03412000000003Total Return:-0.012882008762237794Max Risk Loss Exposure:-0.0
2021-09-08 12:00:22,811 Loss exposure is greater than the limit! Closing trade!
2021-09-08 12:00:23,062 Total P&L:-1.0258799999999155Total Return:-0.01277936327409105Max Risk Loss Exposure:-0.0
2021-09-08 12:00:23,062 Loss exposure is greater than the limit! Closing trade!
2021-09-08 12:00:23,595 Total P&L:-1.0258799999999155Total Return:-0.01277936327409105Max Risk Loss Exposure:-0.0
2021-09-08 12:00:23,595 Loss exposure is greater than the limit! Closing trade!
2021-09-08 12:00:25,565 Total P&L:-1.0382399999998597Total Return:-0.012933331506308333Max Risk Loss Exposure:-0.0
2021-09-08 12:00:25,565 Loss exposure is greater than the limit! Closing trade!
2021-09-08 12:00:26,315 Total P&L:-1.0299999999999727Total Return:-0.012830686018164422Max Risk Loss Exposure:-0.0
2021-09-08 12:00:26,315 Loss exposure is greater than the limit! Closing trade!
2021-09-08 12:00:26,815 Total P&L:-1.0052799999999706Total Return:-0.012522749553728443Max Risk Loss Exposure:-0.0
2021-09-08 12:00:26,815 Loss exposure is greater than the limit! Closing trade!
2021-09-08 12:00:27,075 Total P&L:-1.0176399999999148Total Return:-0.012676717785945724Max Risk Loss Exposure:-0.0
2021-09-08 12:00:27,075 Loss exposure is greater than the limit! Closing trade!
2021-09-08 12:00:29,323 Total P&L:-1.0135199999998576Total Return:-0.012625395041872352Max Risk Loss Exposure:-0.0
2021-09-08 12:00:29,323 Loss exposure is greater than the limit! Closing trade!
2021-09-08 12:00:30,407 Total P&L:-0.9846799999999121Total Return:-0.012266135833364418Max Risk Loss Exposure:-0.0
2021-09-08 12:00:30,407 Loss exposure is greater than the limit! Closing trade!
2021-09-08 12:00:30,570 Total P&L:-0.9929199999999128Total Return:-0.012368781321509745Max Risk Loss Exposure:-0.0
2021-09-08 12:00:30,570 Loss exposure is greater than the limit! Closing trade!
2021-09-08 12:00:32,320 Total P&L:-0.9805599999998549Total Return:-0.012214813089291046Max Risk Loss Exposure:-0.0
2021-09-08 12:00:32,320 Loss exposure is greater than the limit! Closing trade!
2021-09-08 12:00:32,594 Total P&L:-0.9887999999998556Total Return:-0.012317458577436373Max Risk Loss Exposure:-0.0
2021-09-08 12:00:32,594 Loss exposure is greater than the limit! Closing trade!
2021-09-08 12:00:32,935 Total P&L:-0.99703999999997Total Return:-0.012420104065583117Max Risk Loss Exposure:-0.0
2021-09-08 12:00:32,935 Loss exposure is greater than the limit! Closing trade!
